\BOOKMARK [0][-]{chapter.1}{Matrizes}{}% 1
\BOOKMARK [1][-]{section.1.1}{Defini\347\365es e Propriedades B\341sicas}{chapter.1}% 2
\BOOKMARK [2][-]{subsection.1.1.1}{Somas e Produtos por N\372meros}{section.1.1}% 3
\BOOKMARK [2][-]{subsection.1.1.2}{Produtos\(?\)}{section.1.1}% 4
\BOOKMARK [1][-]{section.1.2}{Sistemas Lineares}{chapter.1}% 5
\BOOKMARK [2][-]{subsection.1.2.1}{Escalonamentos}{section.1.2}% 6
\BOOKMARK [2][-]{subsection.1.2.2}{Resolvendo sistemas lineares}{section.1.2}% 7
\BOOKMARK [2][-]{subsection.1.2.3}{Sistemas homog\352neos}{section.1.2}% 8
\BOOKMARK [1][-]{section.1.3}{Matrizes Inversas}{chapter.1}% 9
\BOOKMARK [0][-]{chapter.2}{Vetores em R2}{}% 10
\BOOKMARK [1][-]{section.2.1}{Defini\347\365es e Propriedades B\341sicas}{chapter.2}% 11
\BOOKMARK [2][-]{subsection.2.1.1}{Somas e produtos por n\372meros}{section.2.1}% 12
\BOOKMARK [1][-]{section.2.2}{Vetores e Matrizes}{chapter.2}% 13
\BOOKMARK [2][-]{subsection.2.2.1}{Fun\347\365es lineares}{section.2.2}% 14
\BOOKMARK [1][-]{section.2.3}{Subespa\347os}{chapter.2}% 15
\BOOKMARK [2][-]{subsection.2.3.1}{N\372cleo e imagem}{section.2.3}% 16
\BOOKMARK [2][-]{subsection.2.3.2}{Geradores, depend\352ncia e independ\352ncia linear}{section.2.3}% 17
\BOOKMARK [1][-]{section.2.4}{Produtos interno e vetorial}{chapter.2}% 18
\BOOKMARK [2][-]{subsection.2.4.1}{Proje\347\343o ortogonal}{section.2.4}% 19
\BOOKMARK [2][-]{subsection.2.4.2}{Produto interno}{section.2.4}% 20
