\BOOKMARK [0][-]{chapter.1}{Basic set theory}{}% 1
\BOOKMARK [1][-]{section.1.1}{Naive set theory}{chapter.1}% 2
\BOOKMARK [2][-]{subsection.1.1.1}{Axioms and you}{section.1.1}% 3
\BOOKMARK [2][-]{subsection.1.1.2}{Russell's Paradox}{section.1.1}% 4
\BOOKMARK [1][-]{section.1.2}{Basic results and properties of sets}{chapter.1}% 5
\BOOKMARK [2][-]{subsection.1.2.1}{Set equality}{section.1.2}% 6
\BOOKMARK [2][-]{subsection.1.2.2}{Unions and intersections}{section.1.2}% 7
\BOOKMARK [1][-]{section.1.3}{About functions, relations and cardinality}{chapter.1}% 8
\BOOKMARK [2][-]{subsection.1.3.1}{Functions}{section.1.3}% 9
\BOOKMARK [2][-]{subsection.1.3.2}{Bijection as an equality}{section.1.3}% 10
\BOOKMARK [2][-]{subsection.1.3.3}{Universal properties}{section.1.3}% 11
\BOOKMARK [2][-]{subsection.1.3.4}{Multiplying sets}{section.1.3}% 12
\BOOKMARK [2][-]{subsection.1.3.5}{Adding sets?}{section.1.3}% 13
\BOOKMARK [2][-]{subsection.1.3.6}{Everything is a set!}{section.1.3}% 14
\BOOKMARK [2][-]{subsection.1.3.7}{Relations, order and quotients}{section.1.3}% 15
\BOOKMARK [2][-]{subsection.1.3.8}{About sets of functions}{section.1.3}% 16
\BOOKMARK [0][-]{chapter.2}{Planar Linear Algebra}{}% 17
\BOOKMARK [1][-]{section.2.1}{Introduction}{chapter.2}% 18
\BOOKMARK [2][-]{subsection.2.1.1}{Operations}{section.2.1}% 19
\BOOKMARK [2][-]{subsection.2.1.2}{The plane R2}{section.2.1}% 20
\BOOKMARK [1][-]{section.2.2}{R2 as a set of vectors}{chapter.2}% 21
\BOOKMARK [2][-]{subsection.2.2.1}{The shape of R2}{section.2.2}% 22
\BOOKMARK [2][-]{subsection.2.2.2}{Subspaces}{section.2.2}% 23
\BOOKMARK [2][-]{subsection.2.2.3}{Spanning sets and linear dependency}{section.2.2}% 24
\BOOKMARK [2][-]{subsection.2.2.4}{Back to linearity}{section.2.2}% 25
\BOOKMARK [0][-]{chapter.3}{Linear algebra in higher dimensions}{}% 26
\BOOKMARK [1][-]{section.3.1}{Introduction}{chapter.3}% 27
\BOOKMARK [2][-]{subsection.3.1.1}{Generalizing to R3}{section.3.1}% 28
\BOOKMARK [2][-]{subsection.3.1.2}{Linear functions in R3}{section.3.1}% 29
\BOOKMARK [2][-]{subsection.3.1.3}{Subspaces in R3}{section.3.1}% 30
